[2025-08-25T06:25:41.314Z] [INFO] Starting test
[2025-08-25T06:25:41.314Z] [INFO] Spawning: npx tsx src/cli.ts --entry test/fixtures/node-app.ts --target node --out-dir tmp/node-build --clean --no-dts
[2025-08-25T06:25:44.065Z] [OUTPUT] [36mBuilding...[39m

[2025-08-25T06:25:44.095Z] [INFO] Pattern matched: Building...
[2025-08-25T06:25:44.100Z] [OUTPUT] [34mCLI[39m Building entry: test/fixtures/node-app.ts
[34mCLI[39m Using tsconfig: tsconfig.json
[34mCLI[39m tsup v8.5.0
[34mCLI[39m Target: es2022

[2025-08-25T06:25:44.111Z] [OUTPUT] [34mCJS[39m Build start
[34mESM[39m Build start

[2025-08-25T06:25:44.273Z] [OUTPUT] [32mCJS[39m [1mtmp/node-build/node-app.cjs     [22m[32m379.00 B[39m
[32mCJS[39m [1mtmp/node-build/node-app.cjs.map [22m[32m606.00 B[39m
[32mCJS[39m ⚡️ Build success in 162ms
[32mESM[39m [1mtmp/node-build/node-app.js     [22m[32m336.00 B[39m
[32mESM[39m [1mtmp/node-build/node-app.js.map [22m[32m579.00 B[39m
[32mESM[39m ⚡️ Build success in 164ms

[2025-08-25T06:25:44.296Z] [OUTPUT] [32m✓ Build completed in 196ms[39m

[2025-08-25T06:25:44.299Z] [INFO] Pattern matched: Build success
[2025-08-25T06:25:44.299Z] [INFO] Test completed successfully
[2025-08-25T06:25:44.299Z] [INFO] Cleaning up PTY process
[2025-08-25T06:25:44.300Z] [INFO] Replay saved: logs/replay-1756103144300.json
[2025-08-25T06:25:44.398Z] [INFO] Process exited with code: undefined
