[2025-08-25T06:25:44.300Z] [INFO] Starting test
[2025-08-25T06:25:44.301Z] [INFO] Spawning: npx tsx src/cli.ts --entry test/fixtures/browser.ts --target browser --global-name MyLib --out-dir tmp/browser-build --clean --no-dts
[2025-08-25T06:25:47.133Z] [OUTPUT] [36mBuilding...[39m

[2025-08-25T06:25:47.134Z] [INFO] Pattern matched: Building...
[2025-08-25T06:25:47.165Z] [OUTPUT] [34mCLI[39m Building entry: test/fixtures/browser.ts

[2025-08-25T06:25:47.177Z] [OUTPUT] [34mCLI[39m Using tsconfig: tsconfig.json
[34mCLI[39m tsup v8.5.0
[34mCLI[39m Target: es2022
[34mCJS[39m Build start
[34mESM[39m Build start

[2025-08-25T06:25:47.342Z] [OUTPUT] [32mCJS[39m [1mtmp/browser-build/browser.cjs     [22m[32m485.00 B[39m
[32mCJS[39m [1mtmp/browser-build/browser.cjs.map [22m[32m926.00 B[39m
[32mCJS[39m ⚡️ Build success in 166ms

[2025-08-25T06:25:47.353Z] [OUTPUT] [32mESM[39m [1mtmp/browser-build/browser.js     [22m[32m443.00 B[39m
[32mESM[39m [1mtmp/browser-build/browser.js.map [22m[32m923.00 B[39m
[32mESM[39m ⚡️ Build success in 168ms

[2025-08-25T06:25:47.378Z] [OUTPUT] [32m✓ Build completed in 200ms[39m

[2025-08-25T06:25:47.386Z] [INFO] Pattern matched: Build success
[2025-08-25T06:25:47.386Z] [INFO] Test completed successfully
[2025-08-25T06:25:47.387Z] [INFO] Cleaning up PTY process
[2025-08-25T06:25:47.388Z] [INFO] Replay saved: logs/replay-1756103147387.json
[2025-08-25T06:25:47.471Z] [INFO] Process exited with code: undefined
