[2025-08-24T12:30:04.687Z] [INFO] Starting test
[2025-08-24T12:30:04.687Z] [INFO] Spawning: npx tsx src/cli.ts --entry test/fixtures/browser.ts --target browser --global-name MyLib --out-dir tmp/browser-build --clean --no-dts
[2025-08-24T12:30:07.295Z] [OUTPUT] [36mBuilding...[39m

[2025-08-24T12:30:07.318Z] [INFO] Pattern matched: Building...
[2025-08-24T12:30:07.320Z] [OUTPUT] [34mCLI[39m Building entry: test/fixtures/browser.ts

[2025-08-24T12:30:07.322Z] [OUTPUT] [34mCLI[39m Using tsconfig: tsconfig.json

[2025-08-24T12:30:07.322Z] [OUTPUT] [34mCLI[39m tsup v8.5.0

[2025-08-24T12:30:07.326Z] [OUTPUT] [34mCLI[39m Target: es2022

[2025-08-24T12:30:07.330Z] [OUTPUT] [34mCJS[39m Build start

[2025-08-24T12:30:07.330Z] [OUTPUT] [34mESM[39m Build start

[2025-08-24T12:30:07.474Z] [OUTPUT] [32mCJS[39m [1mtmp/browser-build/browser.cjs     [22m[32m485.00 B[39m

[2025-08-24T12:30:07.475Z] [OUTPUT] [32mCJS[39m [1mtmp/browser-build/browser.cjs.map [22m[32m926.00 B[39m
[32mCJS[39m ⚡️ Build success in 144ms

[2025-08-24T12:30:07.476Z] [OUTPUT] [32mESM[39m [1mtmp/browser-build/browser.js     [22m[32m443.00 B[39m

[2025-08-24T12:30:07.476Z] [OUTPUT] [32mESM[39m [1mtmp/browser-build/browser.js.map [22m[32m923.00 B[39m
[32mESM[39m ⚡️ Build success in 146ms

[2025-08-24T12:30:07.499Z] [OUTPUT] [32m✓ Build completed in 177ms[39m

[2025-08-24T12:30:07.519Z] [INFO] Pattern matched: Build success
[2025-08-24T12:30:07.519Z] [INFO] Test completed successfully
[2025-08-24T12:30:07.519Z] [INFO] Cleaning up PTY process
[2025-08-24T12:30:07.520Z] [INFO] Replay saved: logs/replay-1756038607520.json
[2025-08-24T12:30:07.552Z] [INFO] Process exited with code: 0
