[2025-08-25T12:06:52.376Z] [INFO] Starting test
[2025-08-25T12:06:52.376Z] [INFO] Spawning: bun run tsx src/cli.ts --entry test/fixtures/browser.ts --target browser --global-name MyLib --out-dir tmp/browser-build --clean --no-dts
[2025-08-25T12:06:54.430Z] [OUTPUT] [36mBuilding...[39m

[2025-08-25T12:06:54.452Z] [OUTPUT] [34mCLI[39m Building entry: test/fixtures/browser.ts

[2025-08-25T12:06:54.456Z] [INFO] Pattern matched: Building...
[2025-08-25T12:06:54.462Z] [OUTPUT] [34mCLI[39m Using tsconfig: tsconfig.json
[34mCLI[39m tsup v8.5.0
[34mCLI[39m Target: es2022
[34mCJS[39m Build start
[34mESM[39m Build start

[2025-08-25T12:06:54.637Z] [OUTPUT] [32mESM[39m [1mtmp/browser-build/browser.js     [22m[32m443.00 B[39m
[32mESM[39m [1mtmp/browser-build/browser.js.map [22m[32m923.00 B[39m
[32mESM[39m ⚡️ Build success in 175ms

[2025-08-25T12:06:54.648Z] [OUTPUT] [32mCJS[39m [1mtmp/browser-build/browser.cjs     [22m[32m485.00 B[39m
[32mCJS[39m [1mtmp/browser-build/browser.cjs.map [22m[32m926.00 B[39m
[32mCJS[39m ⚡️ Build success in 177ms

[2025-08-25T12:06:54.660Z] [INFO] Pattern matched: Build success
[2025-08-25T12:06:54.660Z] [INFO] Test completed successfully
[2025-08-25T12:06:54.660Z] [INFO] Cleaning up PTY process
[2025-08-25T12:06:54.660Z] [INFO] Replay saved: logs/replay-1756123614660.json
[2025-08-25T12:06:55.689Z] [INFO] Process exited with code: undefined
