[2025-08-25T08:03:25.653Z] [INFO] Starting test
[2025-08-25T08:03:25.653Z] [INFO] Spawning: bun run tsx src/cli.ts --entry test/fixtures/node-app.ts --target node --out-dir tmp/node-build --clean --no-dts
[2025-08-25T08:03:27.508Z] [OUTPUT] [36mBuilding...[39m

[2025-08-25T08:03:27.528Z] [INFO] Pattern matched: Building...
[2025-08-25T08:03:27.531Z] [OUTPUT] [34mCLI[39m Building entry: test/fixtures/node-app.ts

[2025-08-25T08:03:27.543Z] [OUTPUT] [34mCLI[39m Using tsconfig: tsconfig.json
[34mCLI[39m tsup v8.5.0
[34mCLI[39m Target: es2022
[34mCJS[39m Build start
[34mESM[39m Build start

[2025-08-25T08:03:27.694Z] [OUTPUT] [32mCJS[39m [1mtmp/node-build/node-app.cjs     [22m[32m379.00 B[39m
[32mCJS[39m [1mtmp/node-build/node-app.cjs.map [22m[32m606.00 B[39m
[32mCJS[39m ⚡️ Build success in 153ms
[32mESM[39m [1mtmp/node-build/node-app.js     [22m[32m336.00 B[39m

[2025-08-25T08:03:27.706Z] [OUTPUT] [32mESM[39m [1mtmp/node-build/node-app.js.map [22m[32m579.00 B[39m
[32mESM[39m ⚡️ Build success in 153ms

[2025-08-25T08:03:27.729Z] [OUTPUT] [32m✓ Build completed in 184ms[39m

[2025-08-25T08:03:27.730Z] [INFO] Pattern matched: Build success
[2025-08-25T08:03:27.730Z] [INFO] Test completed successfully
[2025-08-25T08:03:27.730Z] [INFO] Cleaning up PTY process
[2025-08-25T08:03:27.731Z] [INFO] Replay saved: logs/replay-1756109007730.json
[2025-08-25T08:03:27.792Z] [INFO] Process exited with code: undefined
