[2025-08-25T08:03:17.745Z] [INFO] Starting test
[2025-08-25T08:03:17.745Z] [INFO] Spawning: bun run tsx src/cli.ts --entry test/fixtures/simple.ts --target library --out-dir tmp/library-build --clean --no-dts
[2025-08-25T08:03:19.529Z] [OUTPUT] [36mBuilding...[39m

[2025-08-25T08:03:19.542Z] [OUTPUT] [34mCLI[39m Building entry: test/fixtures/simple.ts

[2025-08-25T08:03:19.554Z] [OUTPUT] [34mCLI[39m Using tsconfig: tsconfig.json
[34mCLI[39m tsup v8.5.0
[34mCLI[39m Target: es2022
[34mCJS[39m Build start
[34mESM[39m Build start

[2025-08-25T08:03:19.572Z] [INFO] Pattern matched: Building...
[2025-08-25T08:03:19.676Z] [OUTPUT] [32mCJS[39m [1mtmp/library-build/simple.cjs     [22m[32m215.00 B[39m
[32mCJS[39m [1mtmp/library-build/simple.cjs.map [22m[32m330.00 B[39m
[32mCJS[39m ⚡️ Build success in 123ms
[32mESM[39m [1mtmp/library-build/simple.js     [22m[32m175.00 B[39m
[32mESM[39m [1mtmp/library-build/simple.js.map [22m[32m327.00 B[39m
[32mESM[39m ⚡️ Build success in 125ms

[2025-08-25T08:03:19.708Z] [OUTPUT] [32m✓ Build completed in 152ms[39m

[2025-08-25T08:03:19.723Z] [INFO] Pattern matched: Build success
[2025-08-25T08:03:19.723Z] [INFO] Test completed successfully
[2025-08-25T08:03:19.723Z] [INFO] Cleaning up PTY process
[2025-08-25T08:03:19.724Z] [INFO] Replay saved: logs/replay-1756108999724.json
[2025-08-25T08:03:19.788Z] [INFO] Process exited with code: undefined
