[2025-08-25T12:06:44.012Z] [INFO] Starting test
[2025-08-25T12:06:44.012Z] [INFO] Spawning: bun run tsx src/cli.ts --entry test/fixtures/simple.ts --format cjs esm --out-dir tmp/multi-format --clean --no-dts
[2025-08-25T12:06:46.023Z] [OUTPUT] [36mBuilding...[39m

[2025-08-25T12:06:46.035Z] [INFO] Pattern matched: Building...
[2025-08-25T12:06:46.066Z] [OUTPUT] [34mCLI[39m Building entry: test/fixtures/simple.ts
[34mCLI[39m Using tsconfig: tsconfig.json
[34mCLI[39m tsup v8.5.0

[2025-08-25T12:06:46.078Z] [OUTPUT] [34mCLI[39m Target: es2022
[34mCJS[39m Build start
[34mESM[39m Build start

[2025-08-25T12:06:46.253Z] [OUTPUT] [32mESM[39m [1mtmp/multi-format/simple.js     [22m[32m175.00 B[39m
[32mESM[39m [1mtmp/multi-format/simple.js.map [22m[32m327.00 B[39m
[32mESM[39m ⚡️ Build success in 169ms
[32mCJS[39m [1mtmp/multi-format/simple.cjs     [22m[32m215.00 B[39m
[32mCJS[39m [1mtmp/multi-format/simple.cjs.map [22m[32m330.00 B[39m
[32mCJS[39m ⚡️ Build success in 173ms

[2025-08-25T12:06:46.276Z] [OUTPUT] [32m✓ Build completed in 208ms[39m

[2025-08-25T12:06:46.289Z] [INFO] Pattern matched: Build success
[2025-08-25T12:06:46.289Z] [INFO] Test completed successfully
[2025-08-25T12:06:46.289Z] [INFO] Cleaning up PTY process
[2025-08-25T12:06:46.290Z] [INFO] Replay saved: logs/replay-1756123606289.json
[2025-08-25T12:06:46.365Z] [INFO] Process exited with code: undefined
