[2025-08-25T07:51:35.558Z] [INFO] Starting test
[2025-08-25T07:51:35.559Z] [INFO] Spawning: bun run tsx src/cli.ts --entry test/fixtures/simple.ts --out-dir tmp/simple-build --clean --no-dts
[2025-08-25T07:51:37.424Z] [OUTPUT] [36mBuilding...[39m

[2025-08-25T07:51:37.433Z] [INFO] Pattern matched: Building...
[2025-08-25T07:51:37.445Z] [OUTPUT] [34mCLI[39m Building entry: test/fixtures/simple.ts
[34mCLI[39m Using tsconfig: tsconfig.json
[34mCLI[39m tsup v8.5.0

[2025-08-25T07:51:37.456Z] [OUTPUT] [34mCLI[39m Target: es2022
[34mCJS[39m Build start
[34mESM[39m Build start

[2025-08-25T07:51:37.600Z] [OUTPUT] [32mESM[39m [1mtmp/simple-build/simple.js     [22m[32m175.00 B[39m
[32mESM[39m [1mtmp/simple-build/simple.js.map [22m[32m327.00 B[39m
[32mESM[39m ⚡️ Build success in 142ms
[32mCJS[39m [1mtmp/simple-build/simple.cjs     [22m[32m215.00 B[39m
[32mCJS[39m [1mtmp/simple-build/simple.cjs.map [22m[32m330.00 B[39m
[32mCJS[39m ⚡️ Build success in 144ms

[2025-08-25T07:51:37.632Z] [OUTPUT] [32m✓ Build completed in 173ms[39m

[2025-08-25T07:51:37.637Z] [INFO] Pattern matched: Build success
[2025-08-25T07:51:37.637Z] [INFO] Test completed successfully
[2025-08-25T07:51:37.637Z] [INFO] Cleaning up PTY process
[2025-08-25T07:51:37.637Z] [INFO] Replay saved: logs/replay-1756108297637.json
[2025-08-25T07:51:37.674Z] [INFO] Process exited with code: undefined
