[2025-08-25T06:25:32.605Z] [INFO] Starting test
[2025-08-25T06:25:32.606Z] [INFO] Spawning: npx tsx src/cli.ts --entry test/fixtures/simple.ts --format cjs esm --out-dir tmp/multi-format --clean --no-dts
[2025-08-25T06:25:35.324Z] [OUTPUT] [36mBuilding...[39m

[2025-08-25T06:25:35.335Z] [INFO] Pattern matched: Building...
[2025-08-25T06:25:35.359Z] [OUTPUT] [34mCLI[39m Building entry: test/fixtures/simple.ts
[34mCLI[39m Using tsconfig: tsconfig.json

[2025-08-25T06:25:35.370Z] [OUTPUT] [34mCLI[39m tsup v8.5.0
[34mCLI[39m Target: es2022
[34mCJS[39m Build start
[34mESM[39m Build start

[2025-08-25T06:25:35.505Z] [OUTPUT] [32mCJS[39m [1mtmp/multi-format/simple.cjs     [22m[32m215.00 B[39m
[32mCJS[39m [1mtmp/multi-format/simple.cjs.map [22m[32m330.00 B[39m
[32mCJS[39m ⚡️ Build success in 135ms
[32mESM[39m [1mtmp/multi-format/simple.js     [22m[32m175.00 B[39m
[32mESM[39m [1mtmp/multi-format/simple.js.map [22m[32m327.00 B[39m
[32mESM[39m ⚡️ Build success in 136ms

[2025-08-25T06:25:35.537Z] [OUTPUT] [32m✓ Build completed in 167ms[39m

[2025-08-25T06:25:35.539Z] [INFO] Pattern matched: Build success
[2025-08-25T06:25:35.539Z] [INFO] Test completed successfully
[2025-08-25T06:25:35.539Z] [INFO] Cleaning up PTY process
[2025-08-25T06:25:35.540Z] [INFO] Replay saved: logs/replay-1756103135539.json
[2025-08-25T06:25:35.600Z] [INFO] Process exited with code: undefined
