[2025-08-25T06:24:51.630Z] [INFO] Starting test
[2025-08-25T06:24:51.631Z] [INFO] Spawning: npx tsx src/cli.ts --entry test/fixtures/browser.ts --target browser --global-name MyLib --out-dir tmp/browser-build --clean --no-dts
[2025-08-25T06:24:54.412Z] [OUTPUT] [36mBuilding...[39m

[2025-08-25T06:24:54.416Z] [INFO] Pattern matched: Building...
[2025-08-25T06:24:54.447Z] [OUTPUT] [34mCLI[39m Building entry: test/fixtures/browser.ts
[34mCLI[39m Using tsconfig: tsconfig.json
[34mCLI[39m tsup v8.5.0
[34mCLI[39m Target: es2022

[2025-08-25T06:24:54.458Z] [OUTPUT] [34mCJS[39m Build start
[34mESM[39m Build start

[2025-08-25T06:24:54.584Z] [OUTPUT] [32mESM[39m [1mtmp/browser-build/browser.js     [22m[32m443.00 B[39m
[32mESM[39m [1mtmp/browser-build/browser.js.map [22m[32m923.00 B[39m
[32mESM[39m ⚡️ Build success in 127ms
[32mCJS[39m [1mtmp/browser-build/browser.cjs     [22m[32m485.00 B[39m
[32mCJS[39m [1mtmp/browser-build/browser.cjs.map [22m[32m926.00 B[39m
[32mCJS[39m ⚡️ Build success in 128ms

[2025-08-25T06:24:54.606Z] [OUTPUT] [32m✓ Build completed in 171ms[39m

[2025-08-25T06:24:54.620Z] [INFO] Pattern matched: Build success
[2025-08-25T06:24:54.621Z] [INFO] Test completed successfully
[2025-08-25T06:24:54.621Z] [INFO] Cleaning up PTY process
[2025-08-25T06:24:54.621Z] [INFO] Replay saved: logs/replay-1756103094621.json
[2025-08-25T06:24:54.683Z] [INFO] Process exited with code: undefined
