[2025-08-25T06:30:09.885Z] [INFO] Starting test
[2025-08-25T06:30:09.885Z] [INFO] Spawning: bun run tsx src/cli.ts --entry test/fixtures/simple.ts --out-dir tmp/verbose-build --verbose --clean --no-dts
[2025-08-25T06:30:11.650Z] [OUTPUT] [36mBuilding...[39m

[2025-08-25T06:30:11.656Z] [INFO] Pattern matched: Building...
[2025-08-25T06:30:11.684Z] [OUTPUT] [34mCLI[39m Building entry: test/fixtures/simple.ts
[34mCLI[39m Using tsconfig: tsconfig.json
[34mCLI[39m tsup v8.5.0
[34mCLI[39m Target: es2022

[2025-08-25T06:30:11.695Z] [OUTPUT] [34mCJS[39m Build start
[34mESM[39m Build start

[2025-08-25T06:30:11.840Z] [OUTPUT] [32mESM[39m [1mtmp/verbose-build/simple.js     [22m[32m175.00 B[39m
[32mESM[39m [1mtmp/verbose-build/simple.js.map [22m[32m327.00 B[39m
[32mESM[39m ⚡️ Build success in 152ms
[32mCJS[39m [1mtmp/verbose-build/simple.cjs     [22m[32m215.00 B[39m
[32mCJS[39m [1mtmp/verbose-build/simple.cjs.map [22m[32m330.00 B[39m
[32mCJS[39m ⚡️ Build success in 153ms

[2025-08-25T06:30:11.860Z] [OUTPUT] [32m✓ Build completed in 180ms[39m

[2025-08-25T06:30:11.871Z] [OUTPUT] [90m
Output files:[39m
[90m  /home/x/Projects/builder/tmp/verbose-build/simple.js (esm) - 175 B[39m
[90m  /home/x/Projects/builder/tmp/verbose-build/simple.cjs (cjs) - 215 B[39m

[2025-08-25T06:30:11.909Z] [INFO] Pattern matched: Output files:
[2025-08-25T06:30:11.909Z] [INFO] Pattern matched: Build completed
[2025-08-25T06:30:11.909Z] [INFO] Test completed successfully
[2025-08-25T06:30:11.909Z] [INFO] Cleaning up PTY process
[2025-08-25T06:30:11.910Z] [INFO] Replay saved: logs/replay-1756103411909.json
[2025-08-25T06:30:11.925Z] [INFO] Process exited with code: undefined
