[2025-08-24T12:29:50.581Z] [INFO] Starting test
[2025-08-24T12:29:50.581Z] [INFO] Spawning: npx tsx src/cli.ts --entry test/fixtures/simple.ts --target library --out-dir tmp/library-build --clean --no-dts
[2025-08-24T12:29:53.331Z] [OUTPUT] [36mBuilding...[39m

[2025-08-24T12:29:53.356Z] [OUTPUT] [34mCLI[39m Building entry: test/fixtures/simple.ts

[2025-08-24T12:29:53.358Z] [OUTPUT] [34mCLI[39m Using tsconfig: tsconfig.json

[2025-08-24T12:29:53.358Z] [OUTPUT] [34mCLI[39m tsup v8.5.0

[2025-08-24T12:29:53.362Z] [OUTPUT] [34mCLI[39m Target: es2022

[2025-08-24T12:29:53.365Z] [OUTPUT] [34mCJS[39m Build start

[2025-08-24T12:29:53.365Z] [OUTPUT] [34mESM[39m Build start

[2025-08-24T12:29:53.367Z] [INFO] Pattern matched: Building...
[2025-08-24T12:29:53.505Z] [OUTPUT] [32mCJS[39m [1mtmp/library-build/simple.cjs     [22m[32m215.00 B[39m
[32mCJS[39m [1mtmp/library-build/simple.cjs.map [22m[32m330.00 B[39m

[2025-08-24T12:29:53.507Z] [OUTPUT] [32mCJS[39m ⚡️ Build success in 139ms
[32mESM[39m [1mtmp/library-build/simple.js     [22m[32m175.00 B[39m
[32mESM[39m [1mtmp/library-build/simple.js.map [22m[32m327.00 B[39m
[32mESM[39m ⚡️ Build success in 141ms

[2025-08-24T12:29:53.520Z] [INFO] Pattern matched: Build success
[2025-08-24T12:29:53.520Z] [INFO] Test completed successfully
[2025-08-24T12:29:53.521Z] [INFO] Cleaning up PTY process
[2025-08-24T12:29:53.522Z] [INFO] Replay saved: logs/replay-1756038593521.json
[2025-08-24T12:29:53.581Z] [INFO] Process exited with code: 0
