[2025-08-24T12:31:15.203Z] [INFO] Starting test
[2025-08-24T12:31:15.203Z] [INFO] Spawning: npx tsx src/cli.ts --entry test/fixtures/simple.ts --out-dir tmp/verbose-build --verbose --clean --no-dts
[2025-08-24T12:31:17.856Z] [OUTPUT] [36mBuilding...[39m

[2025-08-24T12:31:17.880Z] [OUTPUT] [34mCLI[39m Building entry: test/fixtures/simple.ts

[2025-08-24T12:31:17.882Z] [OUTPUT] [34mCLI[39m Using tsconfig: tsconfig.json

[2025-08-24T12:31:17.883Z] [OUTPUT] [34mCLI[39m tsup v8.5.0

[2025-08-24T12:31:17.886Z] [INFO] Pattern matched: Building...
[2025-08-24T12:31:17.887Z] [OUTPUT] [34mCLI[39m Target: es2022

[2025-08-24T12:31:17.890Z] [OUTPUT] [34mCJS[39m Build start

[2025-08-24T12:31:17.890Z] [OUTPUT] [34mESM[39m Build start

[2025-08-24T12:31:18.022Z] [OUTPUT] [32mCJS[39m [1mtmp/verbose-build/simple.cjs     [22m[32m215.00 B[39m

[2025-08-24T12:31:18.022Z] [OUTPUT] [32mCJS[39m [1mtmp/verbose-build/simple.cjs.map [22m[32m330.00 B[39m
[32mCJS[39m ⚡️ Build success in 131ms

[2025-08-24T12:31:18.023Z] [OUTPUT] [32mESM[39m [1mtmp/verbose-build/simple.js     [22m[32m175.00 B[39m

[2025-08-24T12:31:18.023Z] [OUTPUT] [32mESM[39m [1mtmp/verbose-build/simple.js.map [22m[32m327.00 B[39m
[32mESM[39m ⚡️ Build success in 133ms

[2025-08-24T12:31:18.047Z] [OUTPUT] [32m✓ Build completed in 163ms[39m
[90m
Output files:[39m

[2025-08-24T12:31:18.048Z] [OUTPUT] [90m  /home/x/Projects/builder/tmp/verbose-build/simple.js (esm) - 175 B[39m
[90m  /home/x/Projects/builder/tmp/verbose-build/simple.cjs (cjs) - 215 B[39m

[2025-08-24T12:31:18.087Z] [INFO] Pattern matched: Output files:
[2025-08-24T12:31:18.087Z] [INFO] Pattern matched: Build completed
[2025-08-24T12:31:18.088Z] [INFO] Test completed successfully
[2025-08-24T12:31:18.088Z] [INFO] Cleaning up PTY process
[2025-08-24T12:31:18.088Z] [INFO] Replay saved: logs/replay-1756038678088.json
[2025-08-24T12:31:18.113Z] [INFO] Process exited with code: 0
