[2025-08-25T06:24:34.277Z] [INFO] Starting test
[2025-08-25T06:24:34.278Z] [INFO] Spawning: npx tsx src/cli.ts --entry test/fixtures/simple.ts --out-dir tmp/simple-build --clean --no-dts
[2025-08-25T06:24:36.888Z] [OUTPUT] [36mBuilding...[39m

[2025-08-25T06:24:36.912Z] [OUTPUT] [34mCLI[39m Building entry: test/fixtures/simple.ts
[34mCLI[39m Using tsconfig: tsconfig.json
[34mCLI[39m tsup v8.5.0
[34mCLI[39m Target: es2022
[34mCJS[39m Build start
[34mESM[39m Build start

[2025-08-25T06:24:36.914Z] [INFO] Pattern matched: Building...
[2025-08-25T06:24:37.040Z] [OUTPUT] [32mESM[39m [1mtmp/simple-build/simple.js     [22m[32m175.00 B[39m
[32mESM[39m [1mtmp/simple-build/simple.js.map [22m[32m327.00 B[39m
[32mESM[39m ⚡️ Build success in 118ms
[32mCJS[39m [1mtmp/simple-build/simple.cjs     [22m[32m215.00 B[39m
[32mCJS[39m [1mtmp/simple-build/simple.cjs.map [22m[32m330.00 B[39m
[32mCJS[39m ⚡️ Build success in 119ms

[2025-08-25T06:24:37.062Z] [OUTPUT] [32m✓ Build completed in 146ms[39m

[2025-08-25T06:24:37.066Z] [INFO] Pattern matched: Build success
[2025-08-25T06:24:37.066Z] [INFO] Test completed successfully
[2025-08-25T06:24:37.066Z] [INFO] Cleaning up PTY process
[2025-08-25T06:24:37.067Z] [INFO] Replay saved: logs/replay-1756103077066.json
[2025-08-25T06:24:37.132Z] [INFO] Process exited with code: undefined
