[2025-08-25T06:24:37.067Z] [INFO] Starting test
[2025-08-25T06:24:37.068Z] [INFO] Spawning: npx tsx src/cli.ts --entry test/fixtures/simple.ts --target library --out-dir tmp/library-build --clean --no-dts
[2025-08-25T06:24:39.814Z] [OUTPUT] [36mBuilding...[39m

[2025-08-25T06:24:39.855Z] [INFO] Pattern matched: Building...
[2025-08-25T06:24:39.857Z] [OUTPUT] [34mCLI[39m Building entry: test/fixtures/simple.ts
[34mCLI[39m Using tsconfig: tsconfig.json
[34mCLI[39m tsup v8.5.0
[34mCLI[39m Target: es2022

[2025-08-25T06:24:39.867Z] [OUTPUT] [34mCJS[39m Build start
[34mESM[39m Build start

[2025-08-25T06:24:40.009Z] [OUTPUT] [32mCJS[39m [1mtmp/library-build/simple.cjs     [22m[32m215.00 B[39m
[32mCJS[39m [1mtmp/library-build/simple.cjs.map [22m[32m330.00 B[39m
[32mCJS[39m ⚡️ Build success in 144ms
[32mESM[39m [1mtmp/library-build/simple.js     [22m[32m175.00 B[39m
[32mESM[39m [1mtmp/library-build/simple.js.map [22m[32m327.00 B[39m
[32mESM[39m ⚡️ Build success in 146ms

[2025-08-25T06:24:40.033Z] [OUTPUT] [32m✓ Build completed in 177ms[39m

[2025-08-25T06:24:40.059Z] [INFO] Pattern matched: Build success
[2025-08-25T06:24:40.060Z] [INFO] Test completed successfully
[2025-08-25T06:24:40.060Z] [INFO] Cleaning up PTY process
[2025-08-25T06:24:40.062Z] [INFO] Replay saved: logs/replay-1756103080060.json
[2025-08-25T06:24:40.104Z] [INFO] Process exited with code: undefined
