[2025-08-25T06:25:35.541Z] [INFO] Starting test
[2025-08-25T06:25:35.541Z] [INFO] Spawning: npx tsx src/cli.ts --entry test/fixtures/simple.ts --out-dir tmp/verbose-build --verbose --clean --no-dts
[2025-08-25T06:25:38.132Z] [OUTPUT] [36mBuilding...[39m

[2025-08-25T06:25:38.164Z] [INFO] Pattern matched: Building...
[2025-08-25T06:25:38.165Z] [OUTPUT] [34mCLI[39m Building entry: test/fixtures/simple.ts

[2025-08-25T06:25:38.175Z] [OUTPUT] [34mCLI[39m Using tsconfig: tsconfig.json
[34mCLI[39m tsup v8.5.0
[34mCLI[39m Target: es2022
[34mCJS[39m Build start
[34mESM[39m Build start

[2025-08-25T06:25:38.318Z] [OUTPUT] [32mESM[39m [1mtmp/verbose-build/simple.js     [22m[32m175.00 B[39m
[32mESM[39m [1mtmp/verbose-build/simple.js.map [22m[32m327.00 B[39m
[32mESM[39m ⚡️ Build success in 142ms
[32mCJS[39m [1mtmp/verbose-build/simple.cjs     [22m[32m215.00 B[39m

[2025-08-25T06:25:38.328Z] [OUTPUT] [32mCJS[39m [1mtmp/verbose-build/simple.cjs.map [22m[32m330.00 B[39m
[32mCJS[39m ⚡️ Build success in 143ms

[2025-08-25T06:25:38.354Z] [OUTPUT] [32m✓ Build completed in 176ms[39m
[90m
Output files:[39m
[90m  /home/x/Projects/builder/tmp/verbose-build/simple.js (esm) - 175 B[39m
[90m  /home/x/Projects/builder/tmp/verbose-build/simple.cjs (cjs) - 215 B[39m

[2025-08-25T06:25:38.367Z] [INFO] Pattern matched: Output files:
[2025-08-25T06:25:38.368Z] [INFO] Pattern matched: Build completed
[2025-08-25T06:25:38.368Z] [INFO] Test completed successfully
[2025-08-25T06:25:38.368Z] [INFO] Cleaning up PTY process
[2025-08-25T06:25:38.369Z] [INFO] Replay saved: logs/replay-1756103138368.json
[2025-08-25T06:25:38.461Z] [INFO] Process exited with code: undefined
