[2025-08-25T07:51:39.560Z] [INFO] Starting test
[2025-08-25T07:51:39.560Z] [INFO] Spawning: bun run tsx src/cli.ts --entry test/fixtures/simple.ts --format cjs esm --out-dir tmp/multi-format --clean --no-dts
[2025-08-25T07:51:41.245Z] [OUTPUT] [36mBuilding...[39m

[2025-08-25T07:51:41.277Z] [OUTPUT] [34mCLI[39m Building entry: test/fixtures/simple.ts
[34mCLI[39m Using tsconfig: tsconfig.json
[34mCLI[39m tsup v8.5.0

[2025-08-25T07:51:41.288Z] [OUTPUT] [34mCLI[39m Target: es2022
[34mCJS[39m Build start
[34mESM[39m Build start

[2025-08-25T07:51:41.295Z] [INFO] Pattern matched: Building...
[2025-08-25T07:51:41.408Z] [OUTPUT] [32mCJS[39m [1mtmp/multi-format/simple.cjs     [22m[32m215.00 B[39m
[32mCJS[39m [1mtmp/multi-format/simple.cjs.map [22m[32m330.00 B[39m
[32mCJS[39m ⚡️ Build success in 118ms
[32mESM[39m [1mtmp/multi-format/simple.js     [22m[32m175.00 B[39m
[32mESM[39m [1mtmp/multi-format/simple.js.map [22m[32m327.00 B[39m
[32mESM[39m ⚡️ Build success in 120ms

[2025-08-25T07:51:41.431Z] [OUTPUT] [32m✓ Build completed in 157ms[39m

[2025-08-25T07:51:41.445Z] [INFO] Pattern matched: Build success
[2025-08-25T07:51:41.446Z] [INFO] Test completed successfully
[2025-08-25T07:51:41.446Z] [INFO] Cleaning up PTY process
[2025-08-25T07:51:41.447Z] [INFO] Replay saved: logs/replay-1756108301446.json
[2025-08-25T07:51:41.470Z] [INFO] Process exited with code: undefined
