[2025-08-25T09:52:37.895Z] [INFO] Starting test
[2025-08-25T09:52:37.895Z] [INFO] Spawning: bun run tsx src/cli.ts --entry test/fixtures/simple.ts --format cjs esm --out-dir tmp/multi-format --clean --no-dts
[2025-08-25T09:52:39.814Z] [OUTPUT] [36mBuilding...[39m

[2025-08-25T09:52:39.827Z] [INFO] Pattern matched: Building...
[2025-08-25T09:52:39.849Z] [OUTPUT] [34mCLI[39m Building entry: test/fixtures/simple.ts
[34mCLI[39m Using tsconfig: tsconfig.json
[34mCLI[39m tsup v8.5.0

[2025-08-25T09:52:39.861Z] [OUTPUT] [34mCLI[39m Target: es2022
[34mCJS[39m Build start
[34mESM[39m Build start

[2025-08-25T09:52:39.996Z] [OUTPUT] [32mCJS[39m [1mtmp/multi-format/simple.cjs     [22m[32m215.00 B[39m
[32mCJS[39m [1mtmp/multi-format/simple.cjs.map [22m[32m330.00 B[39m
[32mCJS[39m ⚡️ Build success in 136ms
[32mESM[39m [1mtmp/multi-format/simple.js     [22m[32m175.00 B[39m
[32mESM[39m [1mtmp/multi-format/simple.js.map [22m[32m327.00 B[39m
[32mESM[39m ⚡️ Build success in 136ms

[2025-08-25T09:52:40.018Z] [OUTPUT] [32m✓ Build completed in 178ms[39m

[2025-08-25T09:52:40.030Z] [INFO] Pattern matched: Build success
[2025-08-25T09:52:40.030Z] [INFO] Test completed successfully
[2025-08-25T09:52:40.030Z] [INFO] Cleaning up PTY process
[2025-08-25T09:52:40.030Z] [INFO] Replay saved: logs/replay-1756115560030.json
[2025-08-25T09:52:40.076Z] [INFO] Process exited with code: undefined
