[2025-08-25T07:51:47.327Z] [INFO] Starting test
[2025-08-25T07:51:47.328Z] [INFO] Spawning: bun run tsx src/cli.ts --entry test/fixtures/browser.ts --target browser --global-name MyLib --out-dir tmp/browser-build --clean --no-dts
[2025-08-25T07:51:49.157Z] [OUTPUT] [36mBuilding...[39m

[2025-08-25T07:51:49.180Z] [OUTPUT] [34mCLI[39m Building entry: test/fixtures/browser.ts
[34mCLI[39m Using tsconfig: tsconfig.json
[34mCLI[39m tsup v8.5.0

[2025-08-25T07:51:49.192Z] [OUTPUT] [34mCLI[39m Target: es2022
[34mCJS[39m Build start
[34mESM[39m Build start

[2025-08-25T07:51:49.204Z] [INFO] Pattern matched: Building...
[2025-08-25T07:51:49.337Z] [OUTPUT] [32mCJS[39m [1mtmp/browser-build/browser.cjs     [22m[32m485.00 B[39m
[32mCJS[39m [1mtmp/browser-build/browser.cjs.map [22m[32m926.00 B[39m
[32mCJS[39m ⚡️ Build success in 150ms
[32mESM[39m [1mtmp/browser-build/browser.js     [22m[32m443.00 B[39m
[32mESM[39m [1mtmp/browser-build/browser.js.map [22m[32m923.00 B[39m
[32mESM[39m ⚡️ Build success in 151ms

[2025-08-25T07:51:49.358Z] [INFO] Pattern matched: Build success
[2025-08-25T07:51:49.358Z] [INFO] Test completed successfully
[2025-08-25T07:51:49.358Z] [INFO] Cleaning up PTY process
[2025-08-25T07:51:49.360Z] [INFO] Replay saved: logs/replay-1756108309358.json
[2025-08-25T07:51:50.325Z] [INFO] Process exited with code: undefined
