[2025-08-25T07:06:55.307Z] [INFO] Starting test
[2025-08-25T07:06:55.307Z] [INFO] Spawning: bun run tsx src/cli.ts --entry test/fixtures/node-app.ts --target node --out-dir tmp/node-build --clean --no-dts
[2025-08-25T07:06:57.124Z] [OUTPUT] [36mBuilding...[39m

[2025-08-25T07:06:57.130Z] [INFO] Pattern matched: Building...
[2025-08-25T07:06:57.167Z] [OUTPUT] [34mCLI[39m Building entry: test/fixtures/node-app.ts
[34mCLI[39m Using tsconfig: tsconfig.json
[34mCLI[39m tsup v8.5.0
[34mCLI[39m Target: es2022

[2025-08-25T07:06:57.178Z] [OUTPUT] [34mCJS[39m Build start
[34mESM[39m Build start

[2025-08-25T07:06:57.309Z] [OUTPUT] [32mESM[39m [1mtmp/node-build/node-app.js     [22m[32m336.00 B[39m
[32mESM[39m [1mtmp/node-build/node-app.js.map [22m[32m579.00 B[39m
[32mESM[39m ⚡️ Build success in 134ms
[32mCJS[39m [1mtmp/node-build/node-app.cjs     [22m[32m379.00 B[39m
[32mCJS[39m [1mtmp/node-build/node-app.cjs.map [22m[32m606.00 B[39m
[32mCJS[39m ⚡️ Build success in 135ms

[2025-08-25T07:06:57.333Z] [OUTPUT] [32m✓ Build completed in 160ms[39m

[2025-08-25T07:06:57.333Z] [INFO] Pattern matched: Build success
[2025-08-25T07:06:57.333Z] [INFO] Test completed successfully
[2025-08-25T07:06:57.333Z] [INFO] Cleaning up PTY process
[2025-08-25T07:06:57.334Z] [INFO] Replay saved: logs/replay-1756105617333.json
[2025-08-25T07:06:57.381Z] [INFO] Process exited with code: undefined
