[2025-08-24T12:30:01.758Z] [INFO] Starting test
[2025-08-24T12:30:01.758Z] [INFO] Spawning: npx tsx src/cli.ts --entry test/fixtures/node-app.ts --target node --out-dir tmp/node-build --clean --no-dts
[2025-08-24T12:30:04.460Z] [OUTPUT] [36mBuilding...[39m

[2025-08-24T12:30:04.479Z] [INFO] Pattern matched: Building...
[2025-08-24T12:30:04.482Z] [OUTPUT] [34mCLI[39m Building entry: test/fixtures/node-app.ts

[2025-08-24T12:30:04.484Z] [OUTPUT] [34mCLI[39m Using tsconfig: tsconfig.json

[2025-08-24T12:30:04.484Z] [OUTPUT] [34mCLI[39m tsup v8.5.0

[2025-08-24T12:30:04.487Z] [OUTPUT] [34mCLI[39m Target: es2022

[2025-08-24T12:30:04.490Z] [OUTPUT] [34mCJS[39m Build start

[2025-08-24T12:30:04.490Z] [OUTPUT] [34mESM[39m Build start

[2025-08-24T12:30:04.637Z] [OUTPUT] [32mCJS[39m [1mtmp/node-build/node-app.cjs     [22m[32m379.00 B[39m
[32mCJS[39m [1mtmp/node-build/node-app.cjs.map [22m[32m606.00 B[39m

[2025-08-24T12:30:04.638Z] [OUTPUT] [32mCJS[39m ⚡️ Build success in 147ms

[2025-08-24T12:30:04.638Z] [OUTPUT] [32mESM[39m [1mtmp/node-build/node-app.js     [22m[32m336.00 B[39m
[32mESM[39m [1mtmp/node-build/node-app.js.map [22m[32m579.00 B[39m
[32mESM[39m ⚡️ Build success in 148ms

[2025-08-24T12:30:04.663Z] [OUTPUT] [32m✓ Build completed in 175ms[39m

[2025-08-24T12:30:04.681Z] [INFO] Pattern matched: Build success
[2025-08-24T12:30:04.682Z] [INFO] Test completed successfully
[2025-08-24T12:30:04.682Z] [INFO] Cleaning up PTY process
[2025-08-24T12:30:04.685Z] [INFO] Replay saved: logs/replay-1756038604683.json
[2025-08-24T12:30:04.725Z] [INFO] Process exited with code: 0
