[2025-08-25T08:03:29.698Z] [INFO] Starting test
[2025-08-25T08:03:29.698Z] [INFO] Spawning: bun run tsx test/programmatic.test.ts
[2025-08-25T08:03:31.383Z] [OUTPUT] 🧪 Testing Programmatic Builder API

Test 1: Creating Builder instance...

[2025-08-25T08:03:31.396Z] [OUTPUT]   ✅ Builder created successfully

Test 2: Building project...

[2025-08-25T08:03:31.418Z] [INFO] Pattern matched: Testing Programmatic Builder API
[2025-08-25T08:03:31.418Z] [INFO] Pattern matched: Builder created successfully
[2025-08-25T08:03:31.584Z] [OUTPUT]   ✅ Build succeeded
  Duration: 164ms
  Output files: 2
    - /home/x/Projects/builder/tmp/programmatic-test/simple.js (esm) - 175 bytes
    - /home/x/Projects/builder/tmp/programmatic-test/simple.cjs (cjs) - 215 bytes

Test 3: Verifying output files...
  ✅ tmp/programmatic-test/simple.js exists
  ✅ tmp/programmatic-test/simple.cjs exists

Test 4: Getting configuration...
  Entry: /home/x/Projects/builder/test/fixtures/simple.ts
  Output: /home/x/Projects/builder/tmp/programmatic-test
  Formats: cjs, esm
  ✅ Configuration retrieved

========================================
✅ All programmatic API tests passed!

[2025-08-25T08:03:31.619Z] [INFO] Pattern matched: Build succeeded
[2025-08-25T08:03:31.619Z] [INFO] Pattern matched: simple.js exists
[2025-08-25T08:03:31.619Z] [INFO] Pattern matched: simple.cjs exists
[2025-08-25T08:03:31.619Z] [INFO] Pattern matched: Configuration retrieved
[2025-08-25T08:03:31.619Z] [INFO] Pattern matched: All programmatic API tests passed!
[2025-08-25T08:03:31.619Z] [INFO] Test completed successfully
[2025-08-25T08:03:31.620Z] [INFO] Cleaning up PTY process
[2025-08-25T08:03:31.620Z] [INFO] Replay saved: logs/replay-1756109011620.json
