[2025-08-25T07:07:31.008Z] [INFO] Starting test
[2025-08-25T07:07:31.008Z] [INFO] Spawning: bun run tsx src/cli.ts --entry test/fixtures/simple.ts --format cjs esm --out-dir tmp/multi-format --clean --no-dts
[2025-08-25T07:07:32.841Z] [OUTPUT] [36mBuilding...[39m

[2025-08-25T07:07:32.874Z] [INFO] Pattern matched: Building...
[2025-08-25T07:07:32.874Z] [OUTPUT] [34mCLI[39m Building entry: test/fixtures/simple.ts
[34mCLI[39m Using tsconfig: tsconfig.json
[34mCLI[39m tsup v8.5.0

[2025-08-25T07:07:32.886Z] [OUTPUT] [34mCLI[39m Target: es2022
[34mCJS[39m Build start
[34mESM[39m Build start

[2025-08-25T07:07:33.043Z] [OUTPUT] [32mESM[39m [1mtmp/multi-format/simple.js     [22m[32m175.00 B[39m
[32mESM[39m [1mtmp/multi-format/simple.js.map [22m[32m327.00 B[39m
[32mESM[39m ⚡️ Build success in 150ms
[32mCJS[39m [1mtmp/multi-format/simple.cjs     [22m[32m215.00 B[39m
[32mCJS[39m [1mtmp/multi-format/simple.cjs.map [22m[32m330.00 B[39m
[32mCJS[39m ⚡️ Build success in 153ms

[2025-08-25T07:07:33.066Z] [OUTPUT] [32m✓ Build completed in 186ms[39m

[2025-08-25T07:07:33.075Z] [INFO] Pattern matched: Build success
[2025-08-25T07:07:33.075Z] [INFO] Test completed successfully
[2025-08-25T07:07:33.075Z] [INFO] Cleaning up PTY process
[2025-08-25T07:07:33.076Z] [INFO] Replay saved: logs/replay-1756105653075.json
[2025-08-25T07:07:33.123Z] [INFO] Process exited with code: undefined
