[2025-08-25T06:32:19.805Z] [INFO] Starting test
[2025-08-25T06:32:19.805Z] [INFO] Spawning: bun run tsx src/cli.ts --entry test/fixtures/node-app.ts --target node --out-dir tmp/node-build --clean --no-dts
[2025-08-25T06:32:21.596Z] [OUTPUT] [36mBuilding...[39m

[2025-08-25T06:32:21.619Z] [INFO] Pattern matched: Building...
[2025-08-25T06:32:21.628Z] [OUTPUT] [34mCLI[39m Building entry: test/fixtures/node-app.ts
[34mCLI[39m Using tsconfig: tsconfig.json
[34mCLI[39m tsup v8.5.0

[2025-08-25T06:32:21.641Z] [OUTPUT] [34mCLI[39m Target: es2022
[34mCJS[39m Build start
[34mESM[39m Build start

[2025-08-25T06:32:21.797Z] [OUTPUT] [32mESM[39m [1mtmp/node-build/node-app.js     [22m[32m336.00 B[39m
[32mESM[39m [1mtmp/node-build/node-app.js.map [22m[32m579.00 B[39m
[32mESM[39m ⚡️ Build success in 153ms
[32mCJS[39m [1mtmp/node-build/node-app.cjs     [22m[32m379.00 B[39m
[32mCJS[39m [1mtmp/node-build/node-app.cjs.map [22m[32m606.00 B[39m
[32mCJS[39m ⚡️ Build success in 155ms

[2025-08-25T06:32:21.819Z] [OUTPUT] [32m✓ Build completed in 190ms[39m

[2025-08-25T06:32:21.821Z] [INFO] Pattern matched: Build success
[2025-08-25T06:32:21.821Z] [INFO] Test completed successfully
[2025-08-25T06:32:21.821Z] [INFO] Cleaning up PTY process
[2025-08-25T06:32:21.822Z] [INFO] Replay saved: logs/replay-1756103541821.json
[2025-08-25T06:32:21.889Z] [INFO] Process exited with code: undefined
