[2025-08-25T06:25:26.475Z] [INFO] Starting test
[2025-08-25T06:25:26.475Z] [INFO] Spawning: npx tsx src/cli.ts --entry test/fixtures/simple.ts --out-dir tmp/simple-build --clean --no-dts
[2025-08-25T06:25:29.367Z] [OUTPUT] [36mBuilding...[39m

[2025-08-25T06:25:29.400Z] [OUTPUT] [34mCLI[39m Building entry: test/fixtures/simple.ts
[34mCLI[39m Using tsconfig: tsconfig.json
[34mCLI[39m tsup v8.5.0
[34mCLI[39m Target: es2022

[2025-08-25T06:25:29.410Z] [INFO] Pattern matched: Building...
[2025-08-25T06:25:29.411Z] [OUTPUT] [34mCJS[39m Build start
[34mESM[39m Build start

[2025-08-25T06:25:29.525Z] [OUTPUT] [32mESM[39m [1mtmp/simple-build/simple.js     [22m[32m175.00 B[39m
[32mESM[39m [1mtmp/simple-build/simple.js.map [22m[32m327.00 B[39m
[32mESM[39m ⚡️ Build success in 113ms
[32mCJS[39m [1mtmp/simple-build/simple.cjs     [22m[32m215.00 B[39m
[32mCJS[39m [1mtmp/simple-build/simple.cjs.map [22m[32m330.00 B[39m
[32mCJS[39m ⚡️ Build success in 116ms

[2025-08-25T06:25:29.550Z] [OUTPUT] [32m✓ Build completed in 141ms[39m

[2025-08-25T06:25:29.562Z] [INFO] Pattern matched: Build success
[2025-08-25T06:25:29.562Z] [INFO] Test completed successfully
[2025-08-25T06:25:29.562Z] [INFO] Cleaning up PTY process
[2025-08-25T06:25:29.564Z] [INFO] Replay saved: logs/replay-1756103129562.json
[2025-08-25T06:25:29.637Z] [INFO] Process exited with code: undefined
