[2025-08-25T09:52:44.138Z] [INFO] Starting test
[2025-08-25T09:52:44.138Z] [INFO] Spawning: bun run tsx src/cli.ts --entry test/fixtures/node-app.ts --target node --out-dir tmp/node-build --clean --no-dts
[2025-08-25T09:52:45.978Z] [OUTPUT] [36mBuilding...[39m

[2025-08-25T09:52:46.012Z] [OUTPUT] [34mCLI[39m Building entry: test/fixtures/node-app.ts

[2025-08-25T09:52:46.014Z] [INFO] Pattern matched: Building...
[2025-08-25T09:52:46.025Z] [OUTPUT] [34mCLI[39m Using tsconfig: tsconfig.json
[34mCLI[39m tsup v8.5.0
[34mCLI[39m Target: es2022
[34mCJS[39m Build start
[34mESM[39m Build start

[2025-08-25T09:52:46.172Z] [OUTPUT] [32mESM[39m [1mtmp/node-build/node-app.js     [22m[32m336.00 B[39m
[32mESM[39m [1mtmp/node-build/node-app.js.map [22m[32m579.00 B[39m
[32mESM[39m ⚡️ Build success in 147ms
[32mCJS[39m [1mtmp/node-build/node-app.cjs     [22m[32m379.00 B[39m
[32mCJS[39m [1mtmp/node-build/node-app.cjs.map [22m[32m606.00 B[39m
[32mCJS[39m ⚡️ Build success in 148ms

[2025-08-25T09:52:46.193Z] [OUTPUT] [32m✓ Build completed in 178ms[39m

[2025-08-25T09:52:46.216Z] [INFO] Pattern matched: Build success
[2025-08-25T09:52:46.217Z] [INFO] Test completed successfully
[2025-08-25T09:52:46.217Z] [INFO] Cleaning up PTY process
[2025-08-25T09:52:46.218Z] [INFO] Replay saved: logs/replay-1756115566217.json
[2025-08-25T09:52:46.265Z] [INFO] Process exited with code: undefined
