[2025-08-25T08:03:21.807Z] [INFO] Starting test
[2025-08-25T08:03:21.807Z] [INFO] Spawning: bun run tsx src/cli.ts --entry test/fixtures/simple.ts --out-dir tmp/verbose-build --verbose --clean --no-dts
[2025-08-25T08:03:23.611Z] [OUTPUT] [36mBuilding...[39m

[2025-08-25T08:03:23.629Z] [INFO] Pattern matched: Building...
[2025-08-25T08:03:23.632Z] [OUTPUT] [34mCLI[39m Building entry: test/fixtures/simple.ts

[2025-08-25T08:03:23.643Z] [OUTPUT] [34mCLI[39m Using tsconfig: tsconfig.json
[34mCLI[39m tsup v8.5.0
[34mCLI[39m Target: es2022
[34mCJS[39m Build start
[34mESM[39m Build start

[2025-08-25T08:03:23.761Z] [OUTPUT] [32mCJS[39m [1mtmp/verbose-build/simple.cjs     [22m[32m215.00 B[39m
[32mCJS[39m [1mtmp/verbose-build/simple.cjs.map [22m[32m330.00 B[39m
[32mCJS[39m ⚡️ Build success in 120ms
[32mESM[39m [1mtmp/verbose-build/simple.js     [22m[32m175.00 B[39m

[2025-08-25T08:03:23.773Z] [OUTPUT] [32mESM[39m [1mtmp/verbose-build/simple.js.map [22m[32m327.00 B[39m
[32mESM[39m ⚡️ Build success in 121ms

[2025-08-25T08:03:23.784Z] [OUTPUT] [32m✓ Build completed in 147ms[39m
[90m
Output files:[39m
[90m  /home/x/Projects/builder/tmp/verbose-build/simple.js (esm) - 175 B[39m
[90m  /home/x/Projects/builder/tmp/verbose-build/simple.cjs (cjs) - 215 B[39m

[2025-08-25T08:03:23.829Z] [INFO] Pattern matched: Output files:
[2025-08-25T08:03:23.830Z] [INFO] Pattern matched: Build completed
[2025-08-25T08:03:23.830Z] [INFO] Test completed successfully
[2025-08-25T08:03:23.830Z] [INFO] Cleaning up PTY process
[2025-08-25T08:03:23.831Z] [INFO] Replay saved: logs/replay-1756109003830.json
[2025-08-25T08:03:23.838Z] [INFO] Process exited with code: undefined
