[2025-08-24T12:29:53.525Z] [INFO] Starting test
[2025-08-24T12:29:53.526Z] [INFO] Spawning: npx tsx src/cli.ts --entry test/fixtures/simple.ts --format cjs esm --out-dir tmp/multi-format --clean --no-dts
[2025-08-24T12:29:56.111Z] [OUTPUT] [36mBuilding...[39m

[2025-08-24T12:29:56.133Z] [OUTPUT] [34mCLI[39m Building entry: test/fixtures/simple.ts

[2025-08-24T12:29:56.135Z] [OUTPUT] [34mCLI[39m Using tsconfig: tsconfig.json

[2025-08-24T12:29:56.136Z] [OUTPUT] [34mCLI[39m tsup v8.5.0

[2025-08-24T12:29:56.139Z] [OUTPUT] [34mCLI[39m Target: es2022

[2025-08-24T12:29:56.141Z] [OUTPUT] [34mCJS[39m Build start

[2025-08-24T12:29:56.142Z] [OUTPUT] [34mESM[39m Build start

[2025-08-24T12:29:56.154Z] [INFO] Pattern matched: Building...
[2025-08-24T12:29:56.280Z] [OUTPUT] [32mCJS[39m [1mtmp/multi-format/simple.cjs     [22m[32m215.00 B[39m

[2025-08-24T12:29:56.281Z] [OUTPUT] [32mCJS[39m [1mtmp/multi-format/simple.cjs.map [22m[32m330.00 B[39m
[32mCJS[39m ⚡️ Build success in 139ms

[2025-08-24T12:29:56.282Z] [OUTPUT] [32mESM[39m [1mtmp/multi-format/simple.js     [22m[32m175.00 B[39m
[32mESM[39m [1mtmp/multi-format/simple.js.map [22m[32m327.00 B[39m

[2025-08-24T12:29:56.282Z] [OUTPUT] [32mESM[39m ⚡️ Build success in 141ms

[2025-08-24T12:29:56.303Z] [OUTPUT] [32m✓ Build completed in 167ms[39m

[2025-08-24T12:29:56.306Z] [INFO] Pattern matched: Build success
[2025-08-24T12:29:56.307Z] [INFO] Test completed successfully
[2025-08-24T12:29:56.307Z] [INFO] Cleaning up PTY process
[2025-08-24T12:29:56.308Z] [INFO] Replay saved: logs/replay-1756038596307.json
[2025-08-24T12:29:56.341Z] [INFO] Process exited with code: 0
