[2025-08-25T08:03:15.770Z] [INFO] Starting test
[2025-08-25T08:03:15.770Z] [INFO] Spawning: bun run tsx src/cli.ts --entry test/fixtures/simple.ts --out-dir tmp/simple-build --clean --no-dts
[2025-08-25T08:03:17.563Z] [OUTPUT] [36mBuilding...[39m

[2025-08-25T08:03:17.584Z] [OUTPUT] [34mCLI[39m Building entry: test/fixtures/simple.ts
[34mCLI[39m Using tsconfig: tsconfig.json
[34mCLI[39m tsup v8.5.0
[34mCLI[39m Target: es2022

[2025-08-25T08:03:17.591Z] [INFO] Pattern matched: Building...
[2025-08-25T08:03:17.594Z] [OUTPUT] [34mCJS[39m Build start
[34mESM[39m Build start

[2025-08-25T08:03:17.714Z] [OUTPUT] [32mCJS[39m [1mtmp/simple-build/simple.cjs     [22m[32m215.00 B[39m
[32mCJS[39m [1mtmp/simple-build/simple.cjs.map [22m[32m330.00 B[39m
[32mCJS[39m ⚡️ Build success in 126ms

[2025-08-25T08:03:17.725Z] [OUTPUT] [32mESM[39m [1mtmp/simple-build/simple.js     [22m[32m175.00 B[39m
[32mESM[39m [1mtmp/simple-build/simple.js.map [22m[32m327.00 B[39m
[32mESM[39m ⚡️ Build success in 127ms

[2025-08-25T08:03:17.744Z] [INFO] Pattern matched: Build success
[2025-08-25T08:03:17.744Z] [INFO] Test completed successfully
[2025-08-25T08:03:17.744Z] [INFO] Cleaning up PTY process
[2025-08-25T08:03:17.745Z] [INFO] Replay saved: logs/replay-1756108997744.json
[2025-08-25T08:03:18.656Z] [INFO] Process exited with code: undefined
