[2025-08-24T12:29:47.588Z] [INFO] Starting test
[2025-08-24T12:29:47.590Z] [INFO] Spawning: npx tsx src/cli.ts --entry test/fixtures/simple.ts --out-dir tmp/simple-build --clean --no-dts
[2025-08-24T12:29:50.355Z] [OUTPUT] [36mBuilding...[39m

[2025-08-24T12:29:50.373Z] [INFO] Pattern matched: Building...
[2025-08-24T12:29:50.381Z] [OUTPUT] [34mCLI[39m Building entry: test/fixtures/simple.ts

[2025-08-24T12:29:50.383Z] [OUTPUT] [34mCLI[39m Using tsconfig: tsconfig.json

[2025-08-24T12:29:50.384Z] [OUTPUT] [34mCLI[39m tsup v8.5.0

[2025-08-24T12:29:50.389Z] [OUTPUT] [34mCLI[39m Target: es2022

[2025-08-24T12:29:50.391Z] [OUTPUT] [34mCJS[39m Build start

[2025-08-24T12:29:50.393Z] [OUTPUT] [34mESM[39m Build start

[2025-08-24T12:29:50.535Z] [OUTPUT] [32mESM[39m [1mtmp/simple-build/simple.js     [22m[32m175.00 B[39m

[2025-08-24T12:29:50.537Z] [OUTPUT] [32mESM[39m [1mtmp/simple-build/simple.js.map [22m[32m327.00 B[39m
[32mESM[39m ⚡️ Build success in 144ms

[2025-08-24T12:29:50.538Z] [OUTPUT] [32mCJS[39m [1mtmp/simple-build/simple.cjs     [22m[32m215.00 B[39m

[2025-08-24T12:29:50.538Z] [OUTPUT] [32mCJS[39m [1mtmp/simple-build/simple.cjs.map [22m[32m330.00 B[39m
[32mCJS[39m ⚡️ Build success in 148ms

[2025-08-24T12:29:50.565Z] [OUTPUT] [32m✓ Build completed in 180ms[39m

[2025-08-24T12:29:50.576Z] [INFO] Pattern matched: Build success
[2025-08-24T12:29:50.577Z] [INFO] Test completed successfully
[2025-08-24T12:29:50.577Z] [INFO] Cleaning up PTY process
[2025-08-24T12:29:50.579Z] [INFO] Replay saved: logs/replay-1756038590577.json
[2025-08-24T12:29:50.617Z] [INFO] Process exited with code: 0
