[2025-08-25T12:06:54.661Z] [INFO] Starting test
[2025-08-25T12:06:54.661Z] [INFO] Spawning: bun run tsx test/programmatic.test.ts
[2025-08-25T12:06:56.643Z] [OUTPUT] 🧪 Testing Programmatic Builder API


[2025-08-25T12:06:56.665Z] [OUTPUT] Test 1: Creating Builder instance...
  ✅ Builder created successfully

Test 2: Building project...

[2025-08-25T12:06:56.690Z] [INFO] Pattern matched: Testing Programmatic Builder API
[2025-08-25T12:06:56.691Z] [INFO] Pattern matched: Builder created successfully
[2025-08-25T12:06:56.856Z] [OUTPUT]   ✅ Build succeeded
  Duration: 169ms
  Output files: 2
    - /home/x/core/projects/builder/tmp/programmatic-test/simple.js (esm) - 175 bytes
    - /home/x/core/projects/builder/tmp/programmatic-test/simple.cjs (cjs) - 215 bytes

Test 3: Verifying output files...

[2025-08-25T12:06:56.868Z] [OUTPUT]   ✅ tmp/programmatic-test/simple.js exists
  ✅ tmp/programmatic-test/simple.cjs exists

Test 4: Getting configuration...
  Entry: /home/x/core/projects/builder/test/fixtures/simple.ts
  Output: /home/x/core/projects/builder/tmp/programmatic-test
  Formats: cjs, esm
  ✅ Configuration retrieved

========================================
✅ All programmatic API tests passed!

[2025-08-25T12:06:56.893Z] [INFO] Pattern matched: Build succeeded
[2025-08-25T12:06:56.893Z] [INFO] Pattern matched: simple.js exists
[2025-08-25T12:06:56.893Z] [INFO] Pattern matched: simple.cjs exists
[2025-08-25T12:06:56.893Z] [INFO] Pattern matched: Configuration retrieved
[2025-08-25T12:06:56.893Z] [INFO] Pattern matched: All programmatic API tests passed!
[2025-08-25T12:06:56.894Z] [INFO] Test completed successfully
[2025-08-25T12:06:56.894Z] [INFO] Cleaning up PTY process
[2025-08-25T12:06:56.894Z] [INFO] Replay saved: logs/replay-1756123616894.json
