[2025-08-24T12:31:23.915Z] [INFO] Starting test
[2025-08-24T12:31:23.916Z] [INFO] Spawning: npx tsx src/cli.ts --entry test/fixtures/browser.ts --target browser --global-name MyLib --out-dir tmp/browser-build --clean --no-dts
[2025-08-24T12:31:26.660Z] [OUTPUT] [36mBuilding...[39m

[2025-08-24T12:31:26.686Z] [OUTPUT] [34mCLI[39m Building entry: test/fixtures/browser.ts

[2025-08-24T12:31:26.689Z] [OUTPUT] [34mCLI[39m Using tsconfig: tsconfig.json

[2025-08-24T12:31:26.689Z] [OUTPUT] [34mCLI[39m tsup v8.5.0

[2025-08-24T12:31:26.693Z] [OUTPUT] [34mCLI[39m Target: es2022

[2025-08-24T12:31:26.697Z] [OUTPUT] [34mCJS[39m Build start

[2025-08-24T12:31:26.697Z] [INFO] Pattern matched: Building...
[2025-08-24T12:31:26.697Z] [OUTPUT] [34mESM[39m Build start

[2025-08-24T12:31:26.864Z] [OUTPUT] [32mESM[39m [1mtmp/browser-build/browser.js     [22m[32m443.00 B[39m

[2025-08-24T12:31:26.865Z] [OUTPUT] [32mESM[39m [1mtmp/browser-build/browser.js.map [22m[32m923.00 B[39m
[32mESM[39m ⚡️ Build success in 167ms

[2025-08-24T12:31:26.866Z] [OUTPUT] [32mCJS[39m [1mtmp/browser-build/browser.cjs     [22m[32m485.00 B[39m

[2025-08-24T12:31:26.866Z] [OUTPUT] [32mCJS[39m [1mtmp/browser-build/browser.cjs.map [22m[32m926.00 B[39m
[32mCJS[39m ⚡️ Build success in 169ms

[2025-08-24T12:31:26.897Z] [OUTPUT] [32m✓ Build completed in 202ms[39m

[2025-08-24T12:31:26.899Z] [INFO] Pattern matched: Build success
[2025-08-24T12:31:26.899Z] [INFO] Test completed successfully
[2025-08-24T12:31:26.899Z] [INFO] Cleaning up PTY process
[2025-08-24T12:31:26.901Z] [INFO] Replay saved: logs/replay-1756038686900.json
[2025-08-24T12:31:26.928Z] [INFO] Process exited with code: 0
