[2025-08-25T12:06:46.290Z] [INFO] Starting test
[2025-08-25T12:06:46.290Z] [INFO] Spawning: bun run tsx src/cli.ts --entry test/fixtures/simple.ts --out-dir tmp/verbose-build --verbose --clean --no-dts
[2025-08-25T12:06:48.101Z] [OUTPUT] [36mBuilding...[39m

[2025-08-25T12:06:48.113Z] [INFO] Pattern matched: Building...
[2025-08-25T12:06:48.133Z] [OUTPUT] [34mCLI[39m Building entry: test/fixtures/simple.ts
[34mCLI[39m Using tsconfig: tsconfig.json
[34mCLI[39m tsup v8.5.0
[34mCLI[39m Target: es2022

[2025-08-25T12:06:48.145Z] [OUTPUT] [34mCJS[39m Build start
[34mESM[39m Build start

[2025-08-25T12:06:48.282Z] [OUTPUT] [32mESM[39m [1mtmp/verbose-build/simple.js     [22m[32m175.00 B[39m
[32mESM[39m [1mtmp/verbose-build/simple.js.map [22m[32m327.00 B[39m
[32mESM[39m ⚡️ Build success in 136ms
[32mCJS[39m [1mtmp/verbose-build/simple.cjs     [22m[32m215.00 B[39m
[32mCJS[39m [1mtmp/verbose-build/simple.cjs.map [22m[32m330.00 B[39m
[32mCJS[39m ⚡️ Build success in 137ms

[2025-08-25T12:06:48.305Z] [OUTPUT] [32m✓ Build completed in 163ms[39m
[90m
Output files:[39m
[90m  /home/x/core/projects/builder/tmp/verbose-build/simple.js (esm) - 175 B[39m
[90m  /home/x/core/projects/builder/tmp/verbose-build/simple.cjs (cjs) - 215 B[39m

[2025-08-25T12:06:48.318Z] [INFO] Pattern matched: Output files:
[2025-08-25T12:06:48.318Z] [INFO] Pattern matched: Build completed
[2025-08-25T12:06:48.318Z] [INFO] Test completed successfully
[2025-08-25T12:06:48.318Z] [INFO] Cleaning up PTY process
[2025-08-25T12:06:48.318Z] [INFO] Replay saved: logs/replay-1756123608318.json
[2025-08-25T12:06:48.374Z] [INFO] Process exited with code: undefined
