[2025-08-25T07:07:37.034Z] [INFO] Starting test
[2025-08-25T07:07:37.034Z] [INFO] Spawning: bun run tsx src/cli.ts --entry test/fixtures/node-app.ts --target node --out-dir tmp/node-build --clean --no-dts
[2025-08-25T07:07:38.848Z] [OUTPUT] [36mBuilding...[39m

[2025-08-25T07:07:38.854Z] [INFO] Pattern matched: Building...
[2025-08-25T07:07:38.879Z] [OUTPUT] [34mCLI[39m Building entry: test/fixtures/node-app.ts

[2025-08-25T07:07:38.891Z] [OUTPUT] [34mCLI[39m Using tsconfig: tsconfig.json
[34mCLI[39m tsup v8.5.0
[34mCLI[39m Target: es2022
[34mCJS[39m Build start
[34mESM[39m Build start

[2025-08-25T07:07:39.028Z] [OUTPUT] [32mCJS[39m [1mtmp/node-build/node-app.cjs     [22m[32m379.00 B[39m
[32mCJS[39m [1mtmp/node-build/node-app.cjs.map [22m[32m606.00 B[39m
[32mCJS[39m ⚡️ Build success in 139ms
[32mESM[39m [1mtmp/node-build/node-app.js     [22m[32m336.00 B[39m
[32mESM[39m [1mtmp/node-build/node-app.js.map [22m[32m579.00 B[39m
[32mESM[39m ⚡️ Build success in 139ms

[2025-08-25T07:07:39.056Z] [INFO] Pattern matched: Build success
[2025-08-25T07:07:39.057Z] [INFO] Test completed successfully
[2025-08-25T07:07:39.057Z] [INFO] Cleaning up PTY process
[2025-08-25T07:07:39.058Z] [INFO] Replay saved: logs/replay-1756105659057.json
[2025-08-25T07:07:40.067Z] [INFO] Process exited with code: undefined
