[2025-08-25T06:24:48.835Z] [INFO] Starting test
[2025-08-25T06:24:48.836Z] [INFO] Spawning: npx tsx src/cli.ts --entry test/fixtures/node-app.ts --target node --out-dir tmp/node-build --clean --no-dts
[2025-08-25T06:24:51.388Z] [OUTPUT] [36mBuilding...[39m

[2025-08-25T06:24:51.423Z] [OUTPUT] [34mCLI[39m Building entry: test/fixtures/node-app.ts
[34mCLI[39m Using tsconfig: tsconfig.json
[34mCLI[39m tsup v8.5.0
[34mCLI[39m Target: es2022

[2025-08-25T06:24:51.423Z] [INFO] Pattern matched: Building...
[2025-08-25T06:24:51.433Z] [OUTPUT] [34mCJS[39m Build start
[34mESM[39m Build start

[2025-08-25T06:24:51.582Z] [OUTPUT] [32mESM[39m [1mtmp/node-build/node-app.js     [22m[32m336.00 B[39m
[32mESM[39m [1mtmp/node-build/node-app.js.map [22m[32m579.00 B[39m
[32mESM[39m ⚡️ Build success in 151ms
[32mCJS[39m [1mtmp/node-build/node-app.cjs     [22m[32m379.00 B[39m
[32mCJS[39m [1mtmp/node-build/node-app.cjs.map [22m[32m606.00 B[39m
[32mCJS[39m ⚡️ Build success in 152ms

[2025-08-25T06:24:51.604Z] [OUTPUT] [32m✓ Build completed in 180ms[39m

[2025-08-25T06:24:51.628Z] [INFO] Pattern matched: Build success
[2025-08-25T06:24:51.628Z] [INFO] Test completed successfully
[2025-08-25T06:24:51.628Z] [INFO] Cleaning up PTY process
[2025-08-25T06:24:51.630Z] [INFO] Replay saved: logs/replay-1756103091628.json
[2025-08-25T06:24:51.689Z] [INFO] Process exited with code: undefined
