[2025-08-25T07:07:25.279Z] [INFO] Starting test
[2025-08-25T07:07:25.280Z] [INFO] Spawning: bun run tsx src/cli.ts --help
[2025-08-25T07:07:27.065Z] [OUTPUT] Usage: akao-build [options]

Universal TypeScript build tool for @akaoio ecosystem

Options:
  -V, --version              output the version number
  -e, --entry <paths...>     Entry points
  -o, --out-dir <dir>        Output directory
  -f, --format <formats...>  Output formats (cjs, esm, iife, umd)
  -t, --target <target>      Build target preset (library, node, bun, browser,
                             cli, universal)
  --dts                      Generate TypeScript declarations
  --no-dts                   Disable TypeScript declarations
  --sourcemap                Generate source maps
  --no-sourcemap             Disable source maps
  --minify                   Minify output
  --no-minify                Disable minification
  --clean                    Clean output directory before build
  --watch                    Watch mode
  --bundle                   Bundle dependencies
  --no-bundle                Disable bundling
  --splitting                Enable code splitting
  --treeshake                Enable tree shaking
  --no-treeshake             Disable tree shaking
  --platform <platform>      Target platform (node, browser, neutral)
  --global-name <name>       Global name for IIFE/UMD builds
  --external <deps...>       External dependencies
  --tsconfig <path>          Path to tsconfig.json
  --silent                   Silent mode
  --verbose                  Verbose output
  -h, --help                 display help for command

[2025-08-25T07:07:27.104Z] [INFO] Process exited with code: undefined
[2025-08-25T07:07:27.108Z] [INFO] Pattern matched: Universal TypeScript build tool
[2025-08-25T07:07:27.108Z] [INFO] Pattern matched: Options:
[2025-08-25T07:07:27.109Z] [INFO] Pattern matched: --entry
[2025-08-25T07:07:27.109Z] [INFO] Pattern matched: --format
[2025-08-25T07:07:27.109Z] [INFO] Test completed successfully
[2025-08-25T07:07:27.109Z] [INFO] Cleaning up PTY process
[2025-08-25T07:07:27.110Z] [INFO] Replay saved: logs/replay-1756105647109.json
