[2025-08-24T12:29:56.311Z] [INFO] Starting test
[2025-08-24T12:29:56.311Z] [INFO] Spawning: npx tsx src/cli.ts --entry test/fixtures/simple.ts --out-dir tmp/verbose-build --verbose --clean --no-dts
[2025-08-24T12:29:58.942Z] [OUTPUT] [36mBuilding...[39m

[2025-08-24T12:29:58.970Z] [OUTPUT] [34mCLI[39m Building entry: test/fixtures/simple.ts

[2025-08-24T12:29:58.972Z] [OUTPUT] [34mCLI[39m Using tsconfig: tsconfig.json

[2025-08-24T12:29:58.972Z] [OUTPUT] [34mCLI[39m tsup v8.5.0

[2025-08-24T12:29:58.976Z] [OUTPUT] [34mCLI[39m Target: es2022

[2025-08-24T12:29:58.979Z] [OUTPUT] [34mCJS[39m Build start

[2025-08-24T12:29:58.980Z] [OUTPUT] [34mESM[39m Build start

[2025-08-24T12:29:58.990Z] [INFO] Pattern matched: Building...
[2025-08-24T12:29:59.111Z] [OUTPUT] [32mCJS[39m [1mtmp/verbose-build/simple.cjs     [22m[32m215.00 B[39m

[2025-08-24T12:29:59.111Z] [OUTPUT] [32mCJS[39m [1mtmp/verbose-build/simple.cjs.map [22m[32m330.00 B[39m
[32mCJS[39m ⚡️ Build success in 132ms

[2025-08-24T12:29:59.113Z] [OUTPUT] [32mESM[39m [1mtmp/verbose-build/simple.js     [22m[32m175.00 B[39m

[2025-08-24T12:29:59.113Z] [OUTPUT] [32mESM[39m [1mtmp/verbose-build/simple.js.map [22m[32m327.00 B[39m
[32mESM[39m ⚡️ Build success in 134ms

[2025-08-24T12:29:59.133Z] [OUTPUT] [32m✓ Build completed in 166ms[39m

[2025-08-24T12:29:59.133Z] [OUTPUT] [90m
Output files:[39m
[90m  /home/x/Projects/builder/tmp/verbose-build/simple.js (esm) - 175 B[39m

[2025-08-24T12:29:59.133Z] [OUTPUT] [90m  /home/x/Projects/builder/tmp/verbose-build/simple.cjs (cjs) - 215 B[39m

[2025-08-24T12:29:59.142Z] [INFO] Pattern matched: Output files:
[2025-08-24T12:29:59.142Z] [INFO] Pattern matched: Build completed
[2025-08-24T12:29:59.142Z] [INFO] Test completed successfully
[2025-08-24T12:29:59.142Z] [INFO] Cleaning up PTY process
[2025-08-24T12:29:59.142Z] [INFO] Replay saved: logs/replay-1756038599142.json
[2025-08-24T12:29:59.169Z] [INFO] Process exited with code: 0
