[2025-08-24T12:31:09.273Z] [INFO] Starting test
[2025-08-24T12:31:09.274Z] [INFO] Spawning: npx tsx src/cli.ts --entry test/fixtures/simple.ts --target library --out-dir tmp/library-build --clean --no-dts
[2025-08-24T12:31:12.046Z] [OUTPUT] [36mBuilding...[39m

[2025-08-24T12:31:12.054Z] [INFO] Pattern matched: Building...
[2025-08-24T12:31:12.082Z] [OUTPUT] [34mCLI[39m Building entry: test/fixtures/simple.ts

[2025-08-24T12:31:12.083Z] [OUTPUT] [34mCLI[39m Using tsconfig: tsconfig.json

[2025-08-24T12:31:12.084Z] [OUTPUT] [34mCLI[39m tsup v8.5.0

[2025-08-24T12:31:12.087Z] [OUTPUT] [34mCLI[39m Target: es2022

[2025-08-24T12:31:12.090Z] [OUTPUT] [34mCJS[39m Build start

[2025-08-24T12:31:12.091Z] [OUTPUT] [34mESM[39m Build start

[2025-08-24T12:31:12.213Z] [OUTPUT] [32mCJS[39m [1mtmp/library-build/simple.cjs     [22m[32m215.00 B[39m

[2025-08-24T12:31:12.213Z] [OUTPUT] [32mCJS[39m [1mtmp/library-build/simple.cjs.map [22m[32m330.00 B[39m
[32mCJS[39m ⚡️ Build success in 122ms

[2025-08-24T12:31:12.216Z] [OUTPUT] [32mESM[39m [1mtmp/library-build/simple.js     [22m[32m175.00 B[39m
[32mESM[39m [1mtmp/library-build/simple.js.map [22m[32m327.00 B[39m
[32mESM[39m ⚡️ Build success in 124ms

[2025-08-24T12:31:12.240Z] [OUTPUT] [32m✓ Build completed in 153ms[39m

[2025-08-24T12:31:12.257Z] [INFO] Pattern matched: Build success
[2025-08-24T12:31:12.258Z] [INFO] Test completed successfully
[2025-08-24T12:31:12.258Z] [INFO] Cleaning up PTY process
[2025-08-24T12:31:12.260Z] [INFO] Replay saved: logs/replay-1756038672258.json
[2025-08-24T12:31:12.301Z] [INFO] Process exited with code: 0
