[2025-08-25T07:07:39.059Z] [INFO] Starting test
[2025-08-25T07:07:39.059Z] [INFO] Spawning: bun run tsx src/cli.ts --entry test/fixtures/browser.ts --target browser --global-name MyLib --out-dir tmp/browser-build --clean --no-dts
[2025-08-25T07:07:40.883Z] [OUTPUT] [36mBuilding...[39m

[2025-08-25T07:07:40.915Z] [OUTPUT] [34mCLI[39m Building entry: test/fixtures/browser.ts
[34mCLI[39m Using tsconfig: tsconfig.json
[34mCLI[39m tsup v8.5.0

[2025-08-25T07:07:40.926Z] [OUTPUT] [34mCLI[39m Target: es2022
[34mCJS[39m Build start
[34mESM[39m Build start

[2025-08-25T07:07:40.927Z] [INFO] Pattern matched: Building...
[2025-08-25T07:07:41.077Z] [OUTPUT] [32mESM[39m [1mtmp/browser-build/browser.js     [22m[32m443.00 B[39m
[32mESM[39m [1mtmp/browser-build/browser.js.map [22m[32m923.00 B[39m
[32mESM[39m ⚡️ Build success in 148ms
[32mCJS[39m [1mtmp/browser-build/browser.cjs     [22m[32m485.00 B[39m
[32mCJS[39m [1mtmp/browser-build/browser.cjs.map [22m[32m926.00 B[39m
[32mCJS[39m ⚡️ Build success in 150ms

[2025-08-25T07:07:41.077Z] [INFO] Pattern matched: Build success
[2025-08-25T07:07:41.078Z] [INFO] Test completed successfully
[2025-08-25T07:07:41.078Z] [INFO] Cleaning up PTY process
[2025-08-25T07:07:41.078Z] [INFO] Replay saved: logs/replay-1756105661078.json
[2025-08-25T07:07:42.116Z] [INFO] Process exited with code: undefined
