[2025-08-25T07:51:45.344Z] [INFO] Starting test
[2025-08-25T07:51:45.344Z] [INFO] Spawning: bun run tsx src/cli.ts --entry test/fixtures/node-app.ts --target node --out-dir tmp/node-build --clean --no-dts
[2025-08-25T07:51:47.120Z] [OUTPUT] [36mBuilding...[39m

[2025-08-25T07:51:47.121Z] [INFO] Pattern matched: Building...
[2025-08-25T07:51:47.143Z] [OUTPUT] [34mCLI[39m Building entry: test/fixtures/node-app.ts
[34mCLI[39m Using tsconfig: tsconfig.json
[34mCLI[39m tsup v8.5.0

[2025-08-25T07:51:47.156Z] [OUTPUT] [34mCLI[39m Target: es2022
[34mCJS[39m Build start
[34mESM[39m Build start

[2025-08-25T07:51:47.296Z] [OUTPUT] [32mESM[39m [1mtmp/node-build/node-app.js     [22m[32m336.00 B[39m
[32mESM[39m [1mtmp/node-build/node-app.js.map [22m[32m579.00 B[39m
[32mESM[39m ⚡️ Build success in 143ms
[32mCJS[39m [1mtmp/node-build/node-app.cjs     [22m[32m379.00 B[39m
[32mCJS[39m [1mtmp/node-build/node-app.cjs.map [22m[32m606.00 B[39m
[32mCJS[39m ⚡️ Build success in 144ms

[2025-08-25T07:51:47.318Z] [OUTPUT] [32m✓ Build completed in 170ms[39m

[2025-08-25T07:51:47.325Z] [INFO] Pattern matched: Build success
[2025-08-25T07:51:47.325Z] [INFO] Test completed successfully
[2025-08-25T07:51:47.325Z] [INFO] Cleaning up PTY process
[2025-08-25T07:51:47.326Z] [INFO] Replay saved: logs/replay-1756108307325.json
[2025-08-25T07:51:47.382Z] [INFO] Process exited with code: undefined
