[2025-08-24T12:31:12.262Z] [INFO] Starting test
[2025-08-24T12:31:12.263Z] [INFO] Spawning: npx tsx src/cli.ts --entry test/fixtures/simple.ts --format cjs esm --out-dir tmp/multi-format --clean --no-dts
[2025-08-24T12:31:14.998Z] [OUTPUT] [36mBuilding...[39m

[2025-08-24T12:31:15.022Z] [OUTPUT] [34mCLI[39m Building entry: test/fixtures/simple.ts

[2025-08-24T12:31:15.024Z] [OUTPUT] [34mCLI[39m Using tsconfig: tsconfig.json

[2025-08-24T12:31:15.025Z] [OUTPUT] [34mCLI[39m tsup v8.5.0

[2025-08-24T12:31:15.029Z] [OUTPUT] [34mCLI[39m Target: es2022

[2025-08-24T12:31:15.032Z] [OUTPUT] [34mCJS[39m Build start

[2025-08-24T12:31:15.032Z] [OUTPUT] [34mESM[39m Build start

[2025-08-24T12:31:15.046Z] [INFO] Pattern matched: Building...
[2025-08-24T12:31:15.161Z] [OUTPUT] [32mCJS[39m [1mtmp/multi-format/simple.cjs     [22m[32m215.00 B[39m
[32mCJS[39m [1mtmp/multi-format/simple.cjs.map [22m[32m330.00 B[39m

[2025-08-24T12:31:15.161Z] [OUTPUT] [32mCJS[39m ⚡️ Build success in 128ms

[2025-08-24T12:31:15.162Z] [OUTPUT] [32mESM[39m [1mtmp/multi-format/simple.js     [22m[32m175.00 B[39m

[2025-08-24T12:31:15.162Z] [OUTPUT] [32mESM[39m [1mtmp/multi-format/simple.js.map [22m[32m327.00 B[39m
[32mESM[39m ⚡️ Build success in 130ms

[2025-08-24T12:31:15.185Z] [OUTPUT] [32m✓ Build completed in 161ms[39m

[2025-08-24T12:31:15.198Z] [INFO] Pattern matched: Build success
[2025-08-24T12:31:15.198Z] [INFO] Test completed successfully
[2025-08-24T12:31:15.198Z] [INFO] Cleaning up PTY process
[2025-08-24T12:31:15.199Z] [INFO] Replay saved: logs/replay-1756038675199.json
[2025-08-24T12:31:15.225Z] [INFO] Process exited with code: 0
