[2025-08-25T06:32:13.876Z] [INFO] Starting test
[2025-08-25T06:32:13.876Z] [INFO] Spawning: bun run tsx src/cli.ts --entry test/fixtures/simple.ts --format cjs esm --out-dir tmp/multi-format --clean --no-dts
[2025-08-25T06:32:15.696Z] [OUTPUT] [36mBuilding...[39m

[2025-08-25T06:32:15.696Z] [INFO] Pattern matched: Building...
[2025-08-25T06:32:15.730Z] [OUTPUT] [34mCLI[39m Building entry: test/fixtures/simple.ts
[34mCLI[39m Using tsconfig: tsconfig.json
[34mCLI[39m tsup v8.5.0
[34mCLI[39m Target: es2022

[2025-08-25T06:32:15.742Z] [OUTPUT] [34mCJS[39m Build start
[34mESM[39m Build start

[2025-08-25T06:32:15.874Z] [OUTPUT] [32mESM[39m [1mtmp/multi-format/simple.js     [22m[32m175.00 B[39m
[32mESM[39m [1mtmp/multi-format/simple.js.map [22m[32m327.00 B[39m
[32mESM[39m ⚡️ Build success in 137ms
[32mCJS[39m [1mtmp/multi-format/simple.cjs     [22m[32m215.00 B[39m
[32mCJS[39m [1mtmp/multi-format/simple.cjs.map [22m[32m330.00 B[39m
[32mCJS[39m ⚡️ Build success in 140ms

[2025-08-25T06:32:15.896Z] [OUTPUT] [32m✓ Build completed in 169ms[39m

[2025-08-25T06:32:15.899Z] [INFO] Pattern matched: Build success
[2025-08-25T06:32:15.899Z] [INFO] Test completed successfully
[2025-08-25T06:32:15.899Z] [INFO] Cleaning up PTY process
[2025-08-25T06:32:15.901Z] [INFO] Replay saved: logs/replay-1756103535900.json
[2025-08-25T06:32:15.963Z] [INFO] Process exited with code: undefined
