[2025-08-25T06:30:13.685Z] [INFO] Starting test
[2025-08-25T06:30:13.685Z] [INFO] Spawning: bun run tsx src/cli.ts --entry test/fixtures/node-app.ts --target node --out-dir tmp/node-build --clean --no-dts
[2025-08-25T06:30:15.400Z] [OUTPUT] [36mBuilding...[39m

[2025-08-25T06:30:15.409Z] [INFO] Pattern matched: Building...
[2025-08-25T06:30:15.422Z] [OUTPUT] [34mCLI[39m Building entry: test/fixtures/node-app.ts
[34mCLI[39m Using tsconfig: tsconfig.json
[34mCLI[39m tsup v8.5.0

[2025-08-25T06:30:15.434Z] [OUTPUT] [34mCLI[39m Target: es2022
[34mCJS[39m Build start
[34mESM[39m Build start

[2025-08-25T06:30:15.572Z] [OUTPUT] [32mCJS[39m [1mtmp/node-build/node-app.cjs     [22m[32m379.00 B[39m
[32mCJS[39m [1mtmp/node-build/node-app.cjs.map [22m[32m606.00 B[39m
[32mCJS[39m ⚡️ Build success in 137ms
[32mESM[39m [1mtmp/node-build/node-app.js     [22m[32m336.00 B[39m
[32mESM[39m [1mtmp/node-build/node-app.js.map [22m[32m579.00 B[39m
[32mESM[39m ⚡️ Build success in 139ms

[2025-08-25T06:30:15.597Z] [OUTPUT] [32m✓ Build completed in 167ms[39m

[2025-08-25T06:30:15.612Z] [INFO] Pattern matched: Build success
[2025-08-25T06:30:15.612Z] [INFO] Test completed successfully
[2025-08-25T06:30:15.612Z] [INFO] Cleaning up PTY process
[2025-08-25T06:30:15.614Z] [INFO] Replay saved: logs/replay-1756103415613.json
[2025-08-25T06:30:15.638Z] [INFO] Process exited with code: undefined
