[2025-08-25T06:24:40.063Z] [INFO] Starting test
[2025-08-25T06:24:40.063Z] [INFO] Spawning: npx tsx src/cli.ts --entry test/fixtures/simple.ts --format cjs esm --out-dir tmp/multi-format --clean --no-dts
[2025-08-25T06:24:42.881Z] [OUTPUT] [36mBuilding...[39m

[2025-08-25T06:24:42.901Z] [INFO] Pattern matched: Building...
[2025-08-25T06:24:42.913Z] [OUTPUT] [34mCLI[39m Building entry: test/fixtures/simple.ts
[34mCLI[39m Using tsconfig: tsconfig.json
[34mCLI[39m tsup v8.5.0

[2025-08-25T06:24:42.924Z] [OUTPUT] [34mCLI[39m Target: es2022
[34mCJS[39m Build start
[34mESM[39m Build start

[2025-08-25T06:24:43.053Z] [OUTPUT] [32mCJS[39m [1mtmp/multi-format/simple.cjs     [22m[32m215.00 B[39m
[32mCJS[39m [1mtmp/multi-format/simple.cjs.map [22m[32m330.00 B[39m
[32mCJS[39m ⚡️ Build success in 134ms
[32mESM[39m [1mtmp/multi-format/simple.js     [22m[32m175.00 B[39m
[32mESM[39m [1mtmp/multi-format/simple.js.map [22m[32m327.00 B[39m
[32mESM[39m ⚡️ Build success in 136ms

[2025-08-25T06:24:43.086Z] [OUTPUT] [32m✓ Build completed in 164ms[39m

[2025-08-25T06:24:43.105Z] [INFO] Pattern matched: Build success
[2025-08-25T06:24:43.106Z] [INFO] Test completed successfully
[2025-08-25T06:24:43.106Z] [INFO] Cleaning up PTY process
[2025-08-25T06:24:43.107Z] [INFO] Replay saved: logs/replay-1756103083106.json
[2025-08-25T06:24:43.166Z] [INFO] Process exited with code: undefined
