[2025-08-25T09:52:33.735Z] [INFO] Starting test
[2025-08-25T09:52:33.736Z] [INFO] Spawning: bun run tsx src/cli.ts --entry test/fixtures/simple.ts --out-dir tmp/simple-build --clean --no-dts
[2025-08-25T09:52:35.687Z] [OUTPUT] [36mBuilding...[39m

[2025-08-25T09:52:35.711Z] [INFO] Pattern matched: Building...
[2025-08-25T09:52:35.730Z] [OUTPUT] [34mCLI[39m Building entry: test/fixtures/simple.ts
[34mCLI[39m Using tsconfig: tsconfig.json
[34mCLI[39m tsup v8.5.0
[34mCLI[39m Target: es2022

[2025-08-25T09:52:35.743Z] [OUTPUT] [34mCJS[39m Build start
[34mESM[39m Build start

[2025-08-25T09:52:35.875Z] [OUTPUT] [32mESM[39m [1mtmp/simple-build/simple.js     [22m[32m175.00 B[39m
[32mESM[39m [1mtmp/simple-build/simple.js.map [22m[32m327.00 B[39m
[32mESM[39m ⚡️ Build success in 142ms
[32mCJS[39m [1mtmp/simple-build/simple.cjs     [22m[32m215.00 B[39m
[32mCJS[39m [1mtmp/simple-build/simple.cjs.map [22m[32m330.00 B[39m
[32mCJS[39m ⚡️ Build success in 144ms

[2025-08-25T09:52:35.898Z] [OUTPUT] [32m✓ Build completed in 174ms[39m

[2025-08-25T09:52:35.915Z] [INFO] Pattern matched: Build success
[2025-08-25T09:52:35.915Z] [INFO] Test completed successfully
[2025-08-25T09:52:35.916Z] [INFO] Cleaning up PTY process
[2025-08-25T09:52:35.916Z] [INFO] Replay saved: logs/replay-1756115555916.json
[2025-08-25T09:52:35.947Z] [INFO] Process exited with code: undefined
